<?xml version="1.0" encoding="UTF-8"?>
<testng-results ignored="0" total="1" passed="1" failed="0" skipped="0">
  <reporter-output>
  </reporter-output>
  <suite started-at="2019-11-30T18:47:47 IST" name="Default suite" finished-at="2019-11-30T18:47:49 IST" duration-ms="2128">
    <groups>
    </groups>
    <test started-at="2019-11-30T18:47:47 IST" name="Default test" finished-at="2019-11-30T18:47:49 IST" duration-ms="2128">
      <class name="com.qa.test.CreateUserDeserialization">
        <test-method signature="createUser()[pri:0, instance:com.qa.test.CreateUserDeserialization@7ea37dbf]" started-at="2019-11-30T18:47:47 IST" name="createUser" finished-at="2019-11-30T18:47:49 IST" duration-ms="2082" status="PASS">
          <reporter-output>
          </reporter-output>
        </test-method> <!-- createUser -->
      </class> <!-- com.qa.test.CreateUserDeserialization -->
    </test> <!-- Default test -->
  </suite> <!-- Default suite -->
</testng-results>
