<?xml version="1.0" encoding="UTF-8"?>
<testng-results ignored="0" total="1" passed="1" failed="0" skipped="0">
  <reporter-output>
  </reporter-output>
  <suite started-at="2019-12-12T09:44:31 IST" name="Default suite" finished-at="2019-12-12T09:44:35 IST" duration-ms="4388">
    <groups>
    </groups>
    <test started-at="2019-12-12T09:44:31 IST" name="Default test" finished-at="2019-12-12T09:44:35 IST" duration-ms="4388">
      <class name="com.qa.test.OAuth2">
        <test-method signature="handleOAuth2()[pri:0, instance:com.qa.test.OAuth2@13c10b87]" started-at="2019-12-12T09:44:31 IST" name="handleOAuth2" finished-at="2019-12-12T09:44:35 IST" duration-ms="4328" status="PASS">
          <reporter-output>
          </reporter-output>
        </test-method> <!-- handleOAuth2 -->
      </class> <!-- com.qa.test.OAuth2 -->
    </test> <!-- Default test -->
  </suite> <!-- Default suite -->
</testng-results>
